160530 21:13:14 mysqld_safe Starting mysqld daemon with databases from /var/lib/mysql
160530 21:13:14 [Note] /usr/bin/mysqld (mysqld 5.5.43-MariaDB) starting as process 326 ...
160530 21:13:14 [Warning] Setting lower_case_table_names=2 because file system for /var/lib/mysql/ is case insensitive
160530 21:13:14 [ERROR] mysqld: Can't create/write to file '/var/lib/mysql/aria_log_control' (Errcode: 13)
160530 21:13:14 [ERROR] mysqld: Got error 'Can't create file' when trying to use aria control file '/var/lib/mysql/aria_log_control'
160530 21:13:14 [ERROR] Plugin 'Aria' init function returned error.
160530 21:13:14 [ERROR] Plugin 'Aria' registration as a STORAGE ENGINE failed.
160530 21:13:14 InnoDB: The InnoDB memory heap is disabled
160530 21:13:14 InnoDB: Mutexes and rw_locks use GCC atomic builtins
160530 21:13:14 InnoDB: Compressed tables use zlib 1.2.8
160530 21:13:14 InnoDB: Using Linux native AIO
160530 21:13:14 InnoDB: Initializing buffer pool, size = 128.0M
160530 21:13:14 InnoDB: Completed initialization of buffer pool
160530 21:13:14  InnoDB: Operating system error number 13 in a file operation.
InnoDB: The error means mysqld does not have the access rights to
InnoDB: the directory.
InnoDB: File name ./ibdata1
InnoDB: File operation call: 'create'.
InnoDB: Cannot continue operation.
160530 21:13:14 mysqld_safe mysqld from pid file /var/run/mysqld/mysqld.pid ended
